0 info it worked if it ends with ok
1 verbose cli [ '/Users/thibaudfrere/.nvm/versions/node/v5.2.0/bin/node',
1 verbose cli   '/Users/thibaudfrere/.nvm/versions/node/v5.2.0/bin/npm',
1 verbose cli   'run',
1 verbose cli   'start' ]
2 info using npm@3.3.12
3 info using node@v5.2.0
4 verbose run-script [ 'prestart', 'start', 'poststart' ]
5 info lifecycle asso-plants@1.0.0~prestart: asso-plants@1.0.0
6 silly lifecycle asso-plants@1.0.0~prestart: no script for prestart, continuing
7 info lifecycle asso-plants@1.0.0~start: asso-plants@1.0.0
8 verbose lifecycle asso-plants@1.0.0~start: unsafe-perm in lifecycle true
9 verbose lifecycle asso-plants@1.0.0~start: PATH: /Users/thibaudfrere/.nvm/versions/node/v5.2.0/lib/node_modules/npm/bin/node-gyp-bin:/Users/thibaudfrere/Documents/asso-plants/node_modules/.bin:/Users/thibaudfrere/.nvm/versions/node/v5.2.0/bin:/Users/thibaudfrere/Documents/go/bin:/Users/thibaudfrere/go/bin:/Users/thibaudfrere/go/bin:/bin:/Users/thibaudfrere/.meteor:/usr/local/bin:/usr/bin:/bin:/usr/sbin:/sbin:/opt/X11/bin
10 verbose lifecycle asso-plants@1.0.0~start: CWD: /Users/thibaudfrere/Documents/asso-plants
11 silly lifecycle asso-plants@1.0.0~start: Args: [ '-c', 'next start' ]
12 silly lifecycle asso-plants@1.0.0~start: Returned: code: 1  signal: null
13 info lifecycle asso-plants@1.0.0~start: Failed to exec start script
14 verbose stack Error: asso-plants@1.0.0 start: `next start`
14 verbose stack Exit status 1
14 verbose stack     at EventEmitter.<anonymous> (/Users/thibaudfrere/.nvm/versions/node/v5.2.0/lib/node_modules/npm/lib/utils/lifecycle.js:232:16)
14 verbose stack     at emitTwo (events.js:88:13)
14 verbose stack     at EventEmitter.emit (events.js:173:7)
14 verbose stack     at ChildProcess.<anonymous> (/Users/thibaudfrere/.nvm/versions/node/v5.2.0/lib/node_modules/npm/lib/utils/spawn.js:24:14)
14 verbose stack     at emitTwo (events.js:88:13)
14 verbose stack     at ChildProcess.emit (events.js:173:7)
14 verbose stack     at maybeClose (internal/child_process.js:819:16)
14 verbose stack     at Process.ChildProcess._handle.onexit (internal/child_process.js:212:5)
15 verbose pkgid asso-plants@1.0.0
16 verbose cwd /Users/thibaudfrere/Documents/asso-plants
17 error Darwin 17.7.0
18 error argv "/Users/thibaudfrere/.nvm/versions/node/v5.2.0/bin/node" "/Users/thibaudfrere/.nvm/versions/node/v5.2.0/bin/npm" "run" "start"
19 error node v5.2.0
20 error npm  v3.3.12
21 error code ELIFECYCLE
22 error asso-plants@1.0.0 start: `next start`
22 error Exit status 1
23 error Failed at the asso-plants@1.0.0 start script 'next start'.
23 error Make sure you have the latest version of node.js and npm installed.
23 error If you do, this is most likely a problem with the asso-plants package,
23 error not with npm itself.
23 error Tell the author that this fails on your system:
23 error     next start
23 error You can get their info via:
23 error     npm owner ls asso-plants
23 error There is likely additional logging output above.
24 verbose exit [ 1, true ]
